<?xml version="1.0" encoding="UTF-8"?>
<testsuite xmlns:xsi="http://www.w3.org/2001/XMLSchema-instance" xsi:noNamespaceSchemaLocation="https://maven.apache.org/surefire/maven-surefire-plugin/xsd/surefire-test-report.xsd" version="3.0.2" name="com.example.algorithmvisualizer.AlgorithmVisualizerApplicationTests" time="4.348" tests="1" errors="0" skipped="0" failures="0">
  <properties>
[...]
</properties>
  <testcase name="contextLoads" classname="com.example.algorithmvisualizer.AlgorithmVisualizerApplicationTests" time="0.903">
    <system-out><![CDATA[00:18:14.894 [main] INFO org.springframework.test.context.support.AnnotationConfigContextLoaderUtils -- Could not detect default configuration classes for test class [com.example.algorithmvisualizer.AlgorithmVisualizerApplicationTests]: AlgorithmVisualizerApplicationTests does not declare any static, non-private, non-final, nested classes annotated with @Configuration.
00:18:15.026 [main] INFO org.springframework.boot.test.context.SpringBootTestContextBootstrapper -- Found @SpringBootConfiguration com.example.algorithmvisualizer.AlgorithmVisualizerApplication for test class com.example.algorithmvisualizer.AlgorithmVisualizerApplicationTests
00:18:15.204 [main] INFO org.springframework.boot.devtools.restart.RestartApplicationListener -- Restart disabled due to context in which it is running

  .   ____          _            __ _ _
 /\\ / ___'_ __ _ _(_)_ __  __ _ \ \ \ \
( ( )\___ | '_ | '_| | '_ \/ _` | \ \ \ \
 \\/  ___)| |_)| | | | | || (_| |  ) ) ) )
  '  |____| .__|_| |_|_| |_\__, | / / / /
 =========|_|==============|___/=/_/_/_/

 :: Spring Boot ::                (v3.4.0)

2024-12-04T00:18:15.501+05:30  INFO 13032 --- [AlgorithmVisualizer] [           main] .e.a.AlgorithmVisualizerApplicationTests : Starting AlgorithmVisualizerApplicationTests using Java 21.0.2 with PID 13032 (started by tiwar in D:\code\WebDev\SpringBoot\AlgorithmVisulizer)
2024-12-04T00:18:15.515+05:30  INFO 13032 --- [AlgorithmVisualizer] [           main] .e.a.AlgorithmVisualizerApplicationTests : No active profile set, falling back to 1 default profile: "default"
2024-12-04T00:18:17.112+05:30  INFO 13032 --- [AlgorithmVisualizer] [           main] o.s.b.a.w.s.WelcomePageHandlerMapping    : Adding welcome page template: index
2024-12-04T00:18:17.898+05:30  INFO 13032 --- [AlgorithmVisualizer] [           main] o.s.b.a.e.web.EndpointLinksResolver      : Exposing 1 endpoint beneath base path '/actuator'
2024-12-04T00:18:17.971+05:30  INFO 13032 --- [AlgorithmVisualizer] [           main] .e.a.AlgorithmVisualizerApplicationTests : Started AlgorithmVisualizerApplicationTests in 2.783 seconds (process running for 3.897)
]]></system-out>
    <system-err><![CDATA[Mockito is currently self-attaching to enable the inline-mock-maker. This will no longer work in future releases of the JDK. Please add Mockito as an agent to your build what is described in Mockito's documentation: https://javadoc.io/doc/org.mockito/mockito-core/latest/org/mockito/Mockito.html#0.3
WARNING: A Java agent has been loaded dynamically (C:\Users\tiwar\.m2\repository\net\bytebuddy\byte-buddy-agent\1.15.10\byte-buddy-agent-1.15.10.jar)
WARNING: If a serviceability tool is in use, please run with -XX:+EnableDynamicAgentLoading to hide this warning
WARNING: If a serviceability tool is not in use, please run with -Djdk.instrument.traceUsage for more information
WARNING: Dynamic loading of agents will be disallowed by default in a future release
]]></system-err>
  </testcase>
</testsuite>